<?xml version="1.0" encoding="utf-8"?><testsuites name="pytest tests"><testsuite name="pytest" errors="0" failures="0" skipped="0" tests="14" time="18.995" timestamp="2026-01-29T18:36:54.264982+00:00" hostname="agent-env-eb2f0d2b-16a9-4b8b-ae3e-c4ebe3f3f24a"><testcase classname="backend.tests.test_principal_and_reference.TestAuthentication" name="test_super_admin_login" time="0.660" /><testcase classname="backend.tests.test_principal_and_reference.TestAuthentication" name="test_principal_login" time="0.629" /><testcase classname="backend.tests.test_principal_and_reference.TestPrincipalDashboard" name="test_principal_snapshot_api" time="1.275" /><testcase classname="backend.tests.test_principal_and_reference.TestPrincipalDashboard" name="test_principal_grade_performance_api" time="1.286" /><testcase classname="backend.tests.test_principal_and_reference.TestPrincipalDashboard" name="test_principal_subject_health_api" time="1.290" /><testcase classname="backend.tests.test_principal_and_reference.TestPrincipalDashboard" name="test_principal_at_risk_students_api" time="0.887" /><testcase classname="backend.tests.test_principal_and_reference.TestPrincipalDashboard" name="test_principal_risk_alerts_api" time="1.064" /><testcase classname="backend.tests.test_principal_and_reference.TestPrincipalDashboard" name="test_no_hardcoded_demo_data" time="1.498" /><testcase classname="backend.tests.test_principal_and_reference.TestReferenceMaterialsCRUD" name="test_get_reference_materials_list" time="1.055" /><testcase classname="backend.tests.test_principal_and_reference.TestReferenceMaterialsCRUD" name="test_create_reference_material" time="0.885" /><testcase classname="backend.tests.test_principal_and_reference.TestReferenceMaterialsCRUD" name="test_create_and_verify_persistence" time="1.732" /><testcase classname="backend.tests.test_principal_and_reference.TestReferenceMaterialsCRUD" name="test_update_reference_material" time="1.304" /><testcase classname="backend.tests.test_principal_and_reference.TestReferenceMaterialsCRUD" name="test_delete_reference_material" time="2.332" /><testcase classname="backend.tests.test_principal_and_reference.TestCleanup" name="test_cleanup_test_materials" time="2.985" /></testsuite></testsuites>